\BOOKMARK [1][-]{section.1}{Day 1: 1/23}{}% 1
\BOOKMARK [2][-]{subsection.1.1}{Continuous Symmetries}{section.1}% 2
\BOOKMARK [1][-]{section.2}{Day 2: 1/25}{}% 3
\BOOKMARK [2][-]{subsection.2.1}{Continuous Symmetries}{section.2}% 4
\BOOKMARK [2][-]{subsection.2.2}{Spin Precession}{section.2}% 5
\BOOKMARK [2][-]{subsection.2.3}{Euler Representation}{section.2}% 6
\BOOKMARK [2][-]{subsection.2.4}{Finite Dimensional Representations}{section.2}% 7
\BOOKMARK [1][-]{section.3}{Day 3: 1/30}{}% 8
\BOOKMARK [2][-]{subsection.3.1}{Euler Rotation Representation}{section.3}% 9
\BOOKMARK [2][-]{subsection.3.2}{Orbital Angular Momentum}{section.3}% 10
\BOOKMARK [2][-]{subsection.3.3}{Addition of Angular Momentum}{section.3}% 11
\BOOKMARK [2][-]{subsection.3.4}{Vector Operators}{section.3}% 12
\BOOKMARK [1][-]{section.4}{Day 4: 2/1}{}% 13
\BOOKMARK [2][-]{subsection.4.1}{Vector Operators}{section.4}% 14
\BOOKMARK [2][-]{subsection.4.2}{Spherical Harmonics}{section.4}% 15
\BOOKMARK [2][-]{subsection.4.3}{Tensors}{section.4}% 16
\BOOKMARK [2][-]{subsection.4.4}{Irreducible Tensor Operators}{section.4}% 17
\BOOKMARK [2][-]{subsection.4.5}{Composition of Irreducible Representations}{section.4}% 18
\BOOKMARK [1][-]{section.5}{Day 5: 2/6}{}% 19
\BOOKMARK [2][-]{subsection.5.1}{Wigner-Eckart Theorem}{section.5}% 20
\BOOKMARK [2][-]{subsection.5.2}{Discrete Symmetries}{section.5}% 21
\BOOKMARK [2][-]{subsection.5.3}{Parity}{section.5}% 22
\BOOKMARK [1][-]{section.6}{Day 6: 2/8}{}% 23
\BOOKMARK [2][-]{subsection.6.1}{Discrete Translational Symmetry}{section.6}% 24
\BOOKMARK [2][-]{subsection.6.2}{Time Reversal Symmetry}{section.6}% 25
\BOOKMARK [1][-]{section.7}{Day 7: 2/13}{}% 26
\BOOKMARK [2][-]{subsection.7.1}{Time Reversal Symmetries}{section.7}% 27
\BOOKMARK [2][-]{subsection.7.2}{Wigner Theorem}{section.7}% 28
\BOOKMARK [2][-]{subsection.7.3}{Spin-1/2 Representation}{section.7}% 29
\BOOKMARK [2][-]{subsection.7.4}{Kramer's Theorem}{section.7}% 30
\BOOKMARK [2][-]{subsection.7.5}{3D Problems}{section.7}% 31
\BOOKMARK [2][-]{subsection.7.6}{The Coulomb Problem}{section.7}% 32
\BOOKMARK [1][-]{section.8}{Day 8: 2/15}{}% 33
\BOOKMARK [2][-]{subsection.8.1}{Coulomb Problem}{section.8}% 34
\BOOKMARK [2][-]{subsection.8.2}{Perturbation Theory}{section.8}% 35
\BOOKMARK [2][-]{subsection.8.3}{Time-Independent Stationary Perturbation}{section.8}% 36
\BOOKMARK [1][-]{section.9}{Day 9: 2/20}{}% 37
\BOOKMARK [2][-]{subsection.9.1}{Perturbation Theory}{section.9}% 38
\BOOKMARK [3][-]{subsubsection.9.1.1}{Quadratic Stark Effect}{subsection.9.1}% 39
\BOOKMARK [1][-]{section.10}{Day 10: 2/22}{}% 40
\BOOKMARK [2][-]{subsection.10.1}{Linear Stark Effect}{section.10}% 41
\BOOKMARK [2][-]{subsection.10.2}{Spin-Orbit Coupling}{section.10}% 42
\BOOKMARK [1][-]{section.11}{Day 11: 2/27}{}% 43
\BOOKMARK [2][-]{subsection.11.1}{Spin-Orbit Coupling}{section.11}% 44
\BOOKMARK [2][-]{subsection.11.2}{Zeeman Effect}{section.11}% 45
\BOOKMARK [2][-]{subsection.11.3}{The Weak-Field Limit}{section.11}% 46
\BOOKMARK [1][-]{section.12}{Day 12: 3/1}{}% 47
\BOOKMARK [2][-]{subsection.12.1}{Paschen-Back Effect}{section.12}% 48
\BOOKMARK [2][-]{subsection.12.2}{Time Dependent Perturbation Theory}{section.12}% 49
\BOOKMARK [3][-]{subsubsection.12.2.1}{Spin-1/2 Exact Solution}{subsection.12.2}% 50
